This is pdfTeX, Version 3.14159265-2.6-1.40.17 (TeX Live 2016/Debian) (preloaded format=mex 2018.9.22)  15 MAR 2019 14:19
entering extended mode
 restricted \write18 enabled.
 %&-line parsing enabled.
**matlab/finufft.cpp lib-static/libfinufft.a matlab/finufft_m.cpp -largeArrayDi
ms -lgomp -D_OPENMP -lfftw3 -lm -lfftw3_threads -output matlab/finufft
(./matlab/finufft.cpp
This is MeX  Version 1.05  18 XII 1993  (B. Jackowski & M. Ry\'cko)
! You can't use `macro parameter character #' in vertical mode.
l.1  #
      include "finufft_m.h"
? ddc
Type <return> to proceed, S to scroll future error messages,
R to run without stopping, Q to run quietly,
I to insert something, E to edit your file,
1 or ... or 9 to ignore the next 1 to 9 tokens of input,
H for help, X to quit.
? 
! Emergency stop.
l.1  #
      include "finufft_m.h"
End of file on the terminal!

No pages of output.
